<?xml version="1.0" encoding="UTF-8"?>
<!-- Generated by org.testng.reporters.JUnitReportReporter -->
<testsuite hostname="DESKTOP-46KMM98" failures="0" tests="16" name="lab5.ClassTest" time="3.189" errors="0" timestamp="2020-05-12T13:03:00 GMT+04:00" skipped="0">
  <testcase classname="lab5.ClassTest" name="first" time="3.158"/>
  <system-out/>
  <testcase classname="lab5.ClassTest" name="Task3FloorDiv" time="0.000"/>
  <system-out/>
  <testcase classname="lab5.ClassTest" name="Task3AssExact" time="0.000"/>
  <system-out/>
  <testcase classname="lab5.ClassTest" name="Task3Abs" time="0.000"/>
  <system-out/>
  <testcase classname="lab5.ClassTest" name="Task3AssExact" time="0.000"/>
  <system-out/>
  <testcase classname="lab5.ClassTest" name="Task3FloorDiv" time="0.016"/>
  <system-out/>
  <testcase classname="lab5.ClassTest" name="Task3Abs" time="0.000"/>
  <system-out/>
  <testcase classname="lab5.ClassTest" name="Task3FloorDiv" time="0.000"/>
  <system-out/>
  <testcase classname="lab5.ClassTest" name="Task3Abs" time="0.015"/>
  <system-out/>
  <testcase classname="lab5.ClassTest" name="Task3FloorDiv" time="0.000"/>
  <system-out/>
  <testcase classname="lab5.ClassTest" name="Task3AssExact" time="0.000"/>
  <system-out/>
  <testcase classname="lab5.ClassTest" name="Task3FloorDiv" time="0.000"/>
  <system-out/>
  <testcase classname="lab5.ClassTest" name="Task3AssExact" time="0.000"/>
  <system-out/>
  <testcase classname="lab5.ClassTest" name="Task3Abs" time="0.000"/>
  <system-out/>
  <testcase classname="lab5.ClassTest" name="Task3Abs" time="0.000"/>
  <system-out/>
  <testcase classname="lab5.ClassTest" name="Task3AssExact" time="0.000"/>
  <system-out/>
</testsuite> <!-- lab5.ClassTest -->
